<?xml version='1.0' encoding='UTF-8'?>
<hotspot_log version='160 1' process='1992' time_ms='1512112260138'>
<vm_version>
<name>
OpenJDK 64-Bit Server VM
</name>
<release>
25.151-b12
</release>
<info>
OpenJDK 64-Bit Server VM (25.151-b12) for linux-amd64 JRE (1.8.0_151-8u151-b12-0ubuntu0.16.04.2-b12), built on Oct 27 2017 21:59:02 by &quot;buildd&quot; with gcc 5.4.0 20160609
</info>
</vm_version>
<vm_arguments>
<args>
-Dinstall4j.jvmDir=/usr/lib/jvm/java-8-openjdk-amd64/jre -Dexe4j.moduleName=/opt/nexus/nexus3/bin/nexus -XX:+UnlockDiagnosticVMOptions -Dinstall4j.launcherId=245 -Dinstall4j.swt=false -Di4jv=0 -Di4jv=0 -Di4jv=0 -Di4jv=0 -Di4jv=0 -Xms1200M -Xmx1200M -XX:MaxDirectMemorySize=2G -XX:+UnlockDiagnosticVMOptions -XX:+UnsyncloadClass -XX:+LogVMOutput -XX:LogFile=../sonatype-work/nexus3/log/jvm.log -XX:-OmitStackTraceInFastThrow -Djava.net.preferIPv4Stack=true -Dkaraf.home=. -Dkaraf.base=. -Dkaraf.etc=etc/karaf -Djava.util.logging.config.file=etc/karaf/java.util.logging.properties -Dkaraf.data=../sonatype-work/nexus3 -Djava.io.tmpdir=../sonatype-work/nexus3/tmp -Dkaraf.startLocalConsole=false -Di4j.vpt=true 
</args>
<command>
com.install4j.runtime.launcher.UnixLauncher start 9d17dc87   org.sonatype.nexus.karaf.NexusMain
</command>
<launcher>
SUN_STANDARD
</launcher>
<properties>
java.vm.specification.name=Java Virtual Machine Specification
java.vm.version=25.151-b12
java.vm.name=OpenJDK 64-Bit Server VM
java.vm.info=mixed mode, sharing
java.ext.dirs=/usr/lib/jvm/java-8-openjdk-amd64/jre/lib/ext:/usr/java/packages/lib/ext
java.endorsed.dirs=/usr/lib/jvm/java-8-openjdk-amd64/jre/lib/endorsed
sun.boot.library.path=/usr/lib/jvm/java-8-openjdk-amd64/jre/lib/amd64
java.library.path=/opt/nexus/nexus3/lib::/usr/java/packages/lib/amd64:/usr/lib/x86_64-linux-gnu/jni:/lib/x86_64-linux-gnu:/usr/lib/x86_64-linux-gnu:/usr/lib/jni:/lib:/usr/lib
java.home=/usr/lib/jvm/java-8-openjdk-amd64/jre
java.class.path=/opt/nexus/nexus3/.install4j/i4jruntime.jar:/opt/nexus/nexus3/lib/boot/nexus-main.jar:/opt/nexus/nexus3/lib/boot/org.apache.karaf.main-4.0.9.jar:/opt/nexus/nexus3/lib/boot/org.osgi.core-6.0.0.jar:/opt/nexus/nexus3/lib/boot/org.apache.karaf.diagnostic.boot-4.0.9.jar:/opt/nexus/nexus3/lib/boot/org.apache.karaf.jaas.boot-4.0.9.jar
sun.boot.class.path=/usr/lib/jvm/java-8-openjdk-amd64/jre/lib/resources.jar:/usr/lib/jvm/java-8-openjdk-amd64/jre/lib/rt.jar:/usr/lib/jvm/java-8-openjdk-amd64/jre/lib/sunrsasign.jar:/usr/lib/jvm/java-8-openjdk-amd64/jre/lib/jsse.jar:/usr/lib/jvm/java-8-openjdk-amd64/jre/lib/jce.jar:/usr/lib/jvm/java-8-openjdk-amd64/jre/lib/charsets.jar:/usr/lib/jvm/java-8-openjdk-amd64/jre/lib/jfr.jar:/usr/lib/jvm/java-8-openjdk-amd64/jre/classes
java.vm.specification.vendor=Oracle Corporation
java.vm.specification.version=1.8
java.vm.vendor=Oracle Corporation
install4j.jvmDir=/usr/lib/jvm/java-8-openjdk-amd64/jre
exe4j.moduleName=/opt/nexus/nexus3/bin/nexus
install4j.launcherId=245
install4j.swt=false
i4jv=0
java.net.preferIPv4Stack=true
karaf.home=.
karaf.base=.
karaf.etc=etc/karaf
java.util.logging.config.file=etc/karaf/java.util.logging.properties
karaf.data=../sonatype-work/nexus3
java.io.tmpdir=../sonatype-work/nexus3/tmp
karaf.startLocalConsole=false
i4j.vpt=true
sun.java.command=com.install4j.runtime.launcher.UnixLauncher start 9d17dc87   org.sonatype.nexus.karaf.NexusMain
sun.java.launcher=SUN_STANDARD
</properties>
</vm_arguments>
<tty>
<blob name='MethodHandlesAdapterBlob' size='32000'>
<sect index='1' size='32000' free='31632'/>
</blob>
<writer thread='140040505980672'/>
<dependency_failed type='abstract_with_unique_concrete_subtype' ctxk='java/nio/charset/CharsetEncoder' x='sun/nio/cs/UTF_8$Encoder' witness='sun/nio/cs/ISO_8859_1$Encoder' stamp='0.470'/>
<dependency_failed type='abstract_with_unique_concrete_subtype' ctxk='java/nio/charset/CharsetEncoder' x='sun/nio/cs/UTF_8$Encoder' witness='sun/nio/cs/ISO_8859_1$Encoder' stamp='0.470'/>
<dependency_failed type='unique_concrete_method' ctxk='sun/nio/cs/ArrayEncoder' x='sun/nio/cs/UTF_8$Encoder encode ([CII[B)I' witness='sun/nio/cs/ArrayEncoder' stamp='0.470'/>
<dependency_failed type='unique_concrete_method' ctxk='sun/nio/cs/ArrayEncoder' x='sun/nio/cs/UTF_8$Encoder encode ([CII[B)I' witness='sun/nio/cs/ArrayEncoder' stamp='0.470'/>
<dependency_failed type='leaf_type' ctxk='java/util/jar/JarFile' witness='sun/net/www/protocol/jar/URLJarFile' stamp='0.484'/>
<dependency_failed type='leaf_type' ctxk='java/util/jar/JarFile' witness='sun/net/www/protocol/jar/URLJarFile' stamp='0.484'/>
<dependency_failed type='leaf_type' ctxk='java/lang/ThreadLocal' witness='org/apache/felix/framework/util/SecureAction$1' stamp='0.512'/>
<dependency_failed type='leaf_type' ctxk='java/lang/ThreadLocal' witness='org/apache/felix/framework/util/SecureAction$1' stamp='0.512'/>
<dependency_failed type='leaf_type' ctxk='java/lang/ThreadLocal' witness='org/apache/felix/framework/util/SecureAction$1' stamp='0.512'/>
<dependency_failed type='leaf_type' ctxk='java/lang/ThreadLocal' witness='org/apache/felix/framework/util/SecureAction$1' stamp='0.512'/>
<dependency_failed type='unique_concrete_method' ctxk='java/lang/ThreadLocal' x='java/lang/ThreadLocal getMap (Ljava/lang/Thread;)Ljava/lang/ThreadLocal$ThreadLocalMap;' witness='java/lang/InheritableThreadLocal' stamp='0.745'/>
<dependency_failed type='leaf_type' ctxk='java/util/Properties' witness='java/security/Provider' stamp='0.747'/>
<dependency_failed type='leaf_type' ctxk='java/util/HashSet' witness='java/util/LinkedHashSet' stamp='0.774'/>
<dependency_failed type='leaf_type' ctxk='org/apache/felix/framework/wiring/BundleCapabilityImpl' witness='org/apache/felix/framework/ServiceRegistrationImpl$ServiceReferenceImpl' stamp='0.865'/>
<dependency_failed type='leaf_type' ctxk='org/apache/felix/framework/wiring/BundleCapabilityImpl' witness='org/apache/felix/framework/ServiceRegistrationImpl$ServiceReferenceImpl' stamp='0.865'/>
<dependency_failed type='unique_concrete_method' ctxk='java/net/URLStreamHandler' x='java/net/URLStreamHandler equals (Ljava/net/URL;Ljava/net/URL;)Z' witness='org/apache/felix/framework/URLHandlersStreamHandlerProxy' stamp='0.870'/>
<dependency_failed type='unique_concrete_method' ctxk='java/net/URLStreamHandler' x='java/net/URLStreamHandler equals (Ljava/net/URL;Ljava/net/URL;)Z' witness='org/apache/felix/framework/URLHandlersStreamHandlerProxy' stamp='0.870'/>
<dependency_failed type='leaf_type' ctxk='java/security/cert/Certificate' witness='java/security/cert/X509Certificate' stamp='1.236'/>
<writer thread='140039610459904'/>
<dependency_failed type='abstract_with_unique_concrete_subtype' ctxk='java/lang/CharacterData' x='java/lang/CharacterDataLatin1' witness='java/lang/CharacterData00' stamp='1.865'/>
<dependency_failed type='abstract_with_unique_concrete_subtype' ctxk='java/lang/CharacterData' x='java/lang/CharacterDataLatin1' witness='java/lang/CharacterData00' stamp='1.865'/>
<dependency_failed type='abstract_with_unique_concrete_subtype' ctxk='java/lang/CharacterData' x='java/lang/CharacterDataLatin1' witness='java/lang/CharacterData00' stamp='1.865'/>
<dependency_failed type='leaf_type' ctxk='java/util/ArrayList' witness='com/sun/istack/internal/FinalArrayList' stamp='2.995'/>
<dependency_failed type='leaf_type' ctxk='java/util/ArrayList' witness='com/sun/istack/internal/FinalArrayList' stamp='2.995'/>
<dependency_failed type='leaf_type' ctxk='java/util/ArrayList' witness='com/sun/istack/internal/FinalArrayList' stamp='2.995'/>
<dependency_failed type='leaf_type' ctxk='java/util/ArrayList' witness='com/sun/istack/internal/FinalArrayList' stamp='2.995'/>
<dependency_failed type='leaf_type' ctxk='java/util/ArrayList' witness='com/sun/istack/internal/FinalArrayList' stamp='2.995'/>
<dependency_failed type='leaf_type' ctxk='java/util/ArrayList' witness='com/sun/istack/internal/FinalArrayList' stamp='2.995'/>
<dependency_failed type='leaf_type' ctxk='java/util/ArrayList' witness='com/sun/istack/internal/FinalArrayList' stamp='2.995'/>
<dependency_failed type='leaf_type' ctxk='java/util/ArrayList' witness='com/sun/istack/internal/FinalArrayList' stamp='2.995'/>
<dependency_failed type='leaf_type' ctxk='java/util/ArrayList' witness='com/sun/istack/internal/FinalArrayList' stamp='2.995'/>
<dependency_failed type='leaf_type' ctxk='java/util/ArrayList' witness='com/sun/istack/internal/FinalArrayList' stamp='2.995'/>
<dependency_failed type='leaf_type' ctxk='java/util/ArrayList' witness='com/sun/istack/internal/FinalArrayList' stamp='2.995'/>
<dependency_failed type='leaf_type' ctxk='java/util/ArrayList' witness='com/sun/istack/internal/FinalArrayList' stamp='2.995'/>
<dependency_failed type='leaf_type' ctxk='java/util/ArrayList' witness='com/sun/istack/internal/FinalArrayList' stamp='2.995'/>
<dependency_failed type='leaf_type' ctxk='java/util/ArrayList' witness='com/sun/istack/internal/FinalArrayList' stamp='2.995'/>
<dependency_failed type='leaf_type' ctxk='java/util/ArrayList' witness='com/sun/istack/internal/FinalArrayList' stamp='2.995'/>
<dependency_failed type='leaf_type' ctxk='java/util/ArrayList' witness='com/sun/istack/internal/FinalArrayList' stamp='2.995'/>
<dependency_failed type='leaf_type' ctxk='java/util/ArrayList' witness='com/sun/istack/internal/FinalArrayList' stamp='2.995'/>
<dependency_failed type='leaf_type' ctxk='java/util/ArrayList' witness='com/sun/istack/internal/FinalArrayList' stamp='2.995'/>
<dependency_failed type='leaf_type' ctxk='java/util/ArrayList' witness='com/sun/istack/internal/FinalArrayList' stamp='2.995'/>
<dependency_failed type='leaf_type' ctxk='java/util/ArrayList' witness='com/sun/istack/internal/FinalArrayList' stamp='2.995'/>
<dependency_failed type='leaf_type' ctxk='java/util/ArrayList' witness='com/sun/istack/internal/FinalArrayList' stamp='2.995'/>
<dependency_failed type='leaf_type' ctxk='java/util/ArrayList' witness='com/sun/istack/internal/FinalArrayList' stamp='2.995'/>
<dependency_failed type='leaf_type' ctxk='java/util/ArrayList' witness='com/sun/istack/internal/FinalArrayList' stamp='2.995'/>
<dependency_failed type='leaf_type' ctxk='java/util/ArrayList' witness='com/sun/istack/internal/FinalArrayList' stamp='2.995'/>
<dependency_failed type='leaf_type' ctxk='java/util/ArrayList' witness='com/sun/istack/internal/FinalArrayList' stamp='2.995'/>
<dependency_failed type='leaf_type' ctxk='java/util/ArrayList' witness='com/sun/istack/internal/FinalArrayList' stamp='2.995'/>
<dependency_failed type='leaf_type' ctxk='java/util/ArrayList' witness='com/sun/istack/internal/FinalArrayList' stamp='2.995'/>
<dependency_failed type='leaf_type' ctxk='java/util/ArrayList' witness='com/sun/istack/internal/FinalArrayList' stamp='2.995'/>
<dependency_failed type='leaf_type' ctxk='java/util/ArrayList' witness='com/sun/istack/internal/FinalArrayList' stamp='2.995'/>
<dependency_failed type='leaf_type' ctxk='java/util/ArrayList' witness='com/sun/istack/internal/FinalArrayList' stamp='2.995'/>
<dependency_failed type='leaf_type' ctxk='java/util/ArrayList' witness='com/sun/istack/internal/FinalArrayList' stamp='2.995'/>
<dependency_failed type='leaf_type' ctxk='java/util/ArrayList' witness='com/sun/istack/internal/FinalArrayList' stamp='2.995'/>
<dependency_failed type='leaf_type' ctxk='java/util/ArrayList' witness='com/sun/istack/internal/FinalArrayList' stamp='2.995'/>
<dependency_failed type='leaf_type' ctxk='java/util/ArrayList' witness='com/sun/istack/internal/FinalArrayList' stamp='2.995'/>
<dependency_failed type='leaf_type' ctxk='com/sun/org/apache/xerces/internal/util/NamespaceSupport' witness='com/sun/org/apache/xerces/internal/impl/xs/SchemaNamespaceSupport' stamp='3.322'/>
<dependency_failed type='leaf_type' ctxk='com/sun/org/apache/xerces/internal/xni/QName' witness='com/sun/org/apache/xerces/internal/impl/dv/xs/QNameDV$XQName' stamp='3.325'/>
<dependency_failed type='leaf_type' ctxk='java/util/ArrayList$Itr' witness='java/util/ArrayList$ListItr' stamp='3.356'/>
<dependency_failed type='leaf_type' ctxk='java/util/ArrayList$Itr' witness='java/util/ArrayList$ListItr' stamp='3.356'/>
<dependency_failed type='leaf_type' ctxk='java/util/ArrayList$Itr' witness='java/util/ArrayList$ListItr' stamp='3.356'/>
<writer thread='140039581824768'/>
<dependency_failed type='unique_concrete_method' ctxk='org/osgi/resource/Capability' x='org/apache/felix/framework/wiring/BundleCapabilityImpl getResource ()Lorg/osgi/resource/Resource;' witness='org/osgi/resource/Capability' stamp='3.761'/>
<dependency_failed type='unique_concrete_method' ctxk='org/osgi/resource/Capability' x='java/lang/Object equals (Ljava/lang/Object;)Z' witness='org/osgi/resource/Capability' stamp='3.761'/>
<writer thread='140039610459904'/>
<dependency_failed type='unique_concrete_method' ctxk='java/util/HashMap' x='java/util/HashMap put (Ljava/lang/Object;Ljava/lang/Object;)Ljava/lang/Object;' witness='org/eclipse/jetty/http/PathMap' stamp='4.970'/>
<dependency_failed type='unique_concrete_method' ctxk='java/util/HashMap' x='java/util/HashMap put (Ljava/lang/Object;Ljava/lang/Object;)Ljava/lang/Object;' witness='org/eclipse/jetty/http/PathMap' stamp='4.970'/>
<dependency_failed type='unique_concrete_method' ctxk='java/util/HashMap' x='java/util/HashMap put (Ljava/lang/Object;Ljava/lang/Object;)Ljava/lang/Object;' witness='org/eclipse/jetty/http/PathMap' stamp='4.970'/>
<dependency_failed type='unique_concrete_method' ctxk='java/util/HashMap' x='java/util/HashMap put (Ljava/lang/Object;Ljava/lang/Object;)Ljava/lang/Object;' witness='org/eclipse/jetty/http/PathMap' stamp='4.970'/>
<dependency_failed type='unique_concrete_method' ctxk='java/util/HashMap' x='java/util/HashMap put (Ljava/lang/Object;Ljava/lang/Object;)Ljava/lang/Object;' witness='org/eclipse/jetty/http/PathMap' stamp='4.970'/>
<dependency_failed type='unique_concrete_method' ctxk='java/util/HashMap' x='java/util/HashMap put (Ljava/lang/Object;Ljava/lang/Object;)Ljava/lang/Object;' witness='org/eclipse/jetty/http/PathMap' stamp='4.970'/>
<dependency_failed type='unique_concrete_method' ctxk='java/util/HashMap' x='java/util/HashMap put (Ljava/lang/Object;Ljava/lang/Object;)Ljava/lang/Object;' witness='org/eclipse/jetty/http/PathMap' stamp='4.970'/>
<dependency_failed type='unique_concrete_method' ctxk='java/util/HashMap' x='java/util/HashMap put (Ljava/lang/Object;Ljava/lang/Object;)Ljava/lang/Object;' witness='org/eclipse/jetty/http/PathMap' stamp='4.970'/>
<dependency_failed type='unique_concrete_method' ctxk='java/util/HashMap' x='java/util/HashMap remove (Ljava/lang/Object;)Ljava/lang/Object;' witness='org/eclipse/jetty/http/PathMap' stamp='4.970'/>
<dependency_failed type='unique_concrete_method' ctxk='java/util/HashMap' x='java/util/HashMap put (Ljava/lang/Object;Ljava/lang/Object;)Ljava/lang/Object;' witness='org/eclipse/jetty/http/PathMap' stamp='4.970'/>
<dependency_failed type='unique_concrete_method' ctxk='java/util/HashMap' x='java/util/HashMap put (Ljava/lang/Object;Ljava/lang/Object;)Ljava/lang/Object;' witness='org/eclipse/jetty/http/PathMap' stamp='4.970'/>
<writer thread='140039578666752'/>
<dependency_failed type='leaf_type' ctxk='java/util/StringTokenizer' witness='org/eclipse/jetty/util/QuotedStringTokenizer' stamp='5.131'/>
<dependency_failed type='leaf_type' ctxk='java/util/StringTokenizer' witness='org/eclipse/jetty/util/QuotedStringTokenizer' stamp='5.131'/>
<dependency_failed type='leaf_type' ctxk='java/util/StringTokenizer' witness='org/eclipse/jetty/util/QuotedStringTokenizer' stamp='5.131'/>
<dependency_failed type='leaf_type' ctxk='java/util/StringTokenizer' witness='org/eclipse/jetty/util/QuotedStringTokenizer' stamp='5.131'/>
<dependency_failed type='leaf_type' ctxk='java/util/StringTokenizer' witness='org/eclipse/jetty/util/QuotedStringTokenizer' stamp='5.131'/>
<dependency_failed type='leaf_type' ctxk='java/util/StringTokenizer' witness='org/eclipse/jetty/util/QuotedStringTokenizer' stamp='5.131'/>
<dependency_failed type='leaf_type' ctxk='java/util/StringTokenizer' witness='org/eclipse/jetty/util/QuotedStringTokenizer' stamp='5.131'/>
<dependency_failed type='leaf_type' ctxk='java/util/StringTokenizer' witness='org/eclipse/jetty/util/QuotedStringTokenizer' stamp='5.131'/>
<dependency_failed type='leaf_type' ctxk='java/util/StringTokenizer' witness='org/eclipse/jetty/util/QuotedStringTokenizer' stamp='5.131'/>
<dependency_failed type='leaf_type' ctxk='java/nio/HeapByteBuffer' witness='java/nio/HeapByteBufferR' stamp='5.136'/>
<dependency_failed type='leaf_type' ctxk='java/nio/HeapByteBuffer' witness='java/nio/HeapByteBufferR' stamp='5.136'/>
<dependency_failed type='leaf_type' ctxk='java/nio/HeapByteBuffer' witness='java/nio/HeapByteBufferR' stamp='5.136'/>
<dependency_failed type='leaf_type' ctxk='java/nio/HeapByteBuffer' witness='java/nio/HeapByteBufferR' stamp='5.136'/>
<dependency_failed type='leaf_type' ctxk='java/nio/HeapByteBuffer' witness='java/nio/HeapByteBufferR' stamp='5.136'/>
<dependency_failed type='leaf_type' ctxk='java/nio/HeapByteBuffer' witness='java/nio/HeapByteBufferR' stamp='5.136'/>
<dependency_failed type='leaf_type' ctxk='com/sun/org/apache/xerces/internal/dom/DocumentTypeImpl' witness='com/sun/org/apache/xerces/internal/dom/DeferredDocumentTypeImpl' stamp='5.267'/>
<dependency_failed type='leaf_type' ctxk='com/sun/org/apache/xerces/internal/dom/DocumentTypeImpl' witness='com/sun/org/apache/xerces/internal/dom/DeferredDocumentTypeImpl' stamp='5.267'/>
<dependency_failed type='leaf_type' ctxk='java/util/concurrent/atomic/AtomicReference' witness='org/eclipse/sisu/inject/RankedSequence' stamp='6.974'/>
<dependency_failed type='leaf_type' ctxk='java/util/concurrent/atomic/AtomicReference' witness='org/eclipse/sisu/inject/RankedSequence' stamp='6.974'/>
<dependency_failed type='leaf_type' ctxk='java/util/concurrent/atomic/AtomicReference' witness='org/eclipse/sisu/inject/RankedSequence' stamp='6.974'/>
<dependency_failed type='leaf_type' ctxk='java/util/concurrent/atomic/AtomicReference' witness='org/eclipse/sisu/inject/RankedSequence' stamp='6.974'/>
<dependency_failed type='unique_concrete_method' ctxk='java/util/HashMap' x='java/util/HashMap size ()I' witness='org/apache/commons/beanutils/WeakFastHashMap' stamp='7.293'/>
<dependency_failed type='unique_concrete_method' ctxk='java/util/HashMap' x='java/util/HashMap size ()I' witness='org/apache/commons/beanutils/WeakFastHashMap' stamp='7.293'/>
<dependency_failed type='unique_concrete_method' ctxk='java/util/HashMap' x='java/util/HashMap containsKey (Ljava/lang/Object;)Z' witness='org/apache/commons/beanutils/WeakFastHashMap' stamp='7.293'/>
<dependency_failed type='unique_concrete_method' ctxk='java/util/HashMap' x='java/util/HashMap containsKey (Ljava/lang/Object;)Z' witness='org/apache/commons/beanutils/WeakFastHashMap' stamp='7.293'/>
<dependency_failed type='unique_concrete_method' ctxk='java/util/HashMap' x='java/util/HashMap size ()I' witness='org/apache/commons/beanutils/WeakFastHashMap' stamp='7.293'/>
<dependency_failed type='unique_concrete_method' ctxk='java/util/HashMap' x='java/util/HashMap containsKey (Ljava/lang/Object;)Z' witness='org/apache/commons/beanutils/WeakFastHashMap' stamp='7.293'/>
<dependency_failed type='unique_concrete_method' ctxk='java/util/HashMap' x='java/util/HashMap containsKey (Ljava/lang/Object;)Z' witness='org/apache/commons/beanutils/WeakFastHashMap' stamp='7.293'/>
<dependency_failed type='unique_concrete_method' ctxk='java/util/HashMap' x='java/util/HashMap containsKey (Ljava/lang/Object;)Z' witness='org/apache/commons/beanutils/WeakFastHashMap' stamp='7.293'/>
<dependency_failed type='unique_concrete_method' ctxk='java/util/HashMap' x='java/util/HashMap containsKey (Ljava/lang/Object;)Z' witness='org/apache/commons/beanutils/WeakFastHashMap' stamp='7.293'/>
<dependency_failed type='unique_concrete_method' ctxk='java/util/HashMap' x='java/util/HashMap containsKey (Ljava/lang/Object;)Z' witness='org/apache/commons/beanutils/WeakFastHashMap' stamp='7.293'/>
<dependency_failed type='unique_concrete_method' ctxk='java/util/HashMap' x='java/util/HashMap isEmpty ()Z' witness='org/apache/commons/beanutils/WeakFastHashMap' stamp='7.293'/>
<dependency_failed type='unique_concrete_method' ctxk='java/util/HashMap' x='java/util/HashMap clone ()Ljava/lang/Object;' witness='org/apache/commons/beanutils/WeakFastHashMap' stamp='7.293'/>
<dependency_failed type='unique_concrete_method' ctxk='java/util/HashMap' x='java/util/HashMap containsKey (Ljava/lang/Object;)Z' witness='org/apache/commons/beanutils/WeakFastHashMap' stamp='7.293'/>
<dependency_failed type='unique_concrete_method' ctxk='java/util/HashMap' x='java/util/HashMap size ()I' witness='org/apache/commons/beanutils/WeakFastHashMap' stamp='7.293'/>
<dependency_failed type='leaf_type' ctxk='java/util/Date' witness='java/sql/Date' stamp='7.300'/>
<dependency_failed type='leaf_type' ctxk='java/util/concurrent/ConcurrentHashMap' witness='javax/el/BeanELResolver$SoftConcurrentHashMap' stamp='7.994'/>
<dependency_failed type='leaf_type' ctxk='java/util/concurrent/ConcurrentHashMap' witness='javax/el/BeanELResolver$SoftConcurrentHashMap' stamp='7.994'/>
<dependency_failed type='leaf_type' ctxk='java/util/concurrent/ConcurrentHashMap' witness='javax/el/BeanELResolver$SoftConcurrentHashMap' stamp='7.994'/>
<dependency_failed type='leaf_type' ctxk='java/util/concurrent/ConcurrentHashMap' witness='javax/el/BeanELResolver$SoftConcurrentHashMap' stamp='7.994'/>
<dependency_failed type='leaf_type' ctxk='java/util/concurrent/ConcurrentHashMap' witness='javax/el/BeanELResolver$SoftConcurrentHashMap' stamp='7.994'/>
<dependency_failed type='leaf_type' ctxk='java/util/concurrent/ConcurrentHashMap' witness='javax/el/BeanELResolver$SoftConcurrentHashMap' stamp='7.994'/>
<dependency_failed type='leaf_type' ctxk='java/util/concurrent/ConcurrentHashMap' witness='javax/el/BeanELResolver$SoftConcurrentHashMap' stamp='7.994'/>
<dependency_failed type='leaf_type' ctxk='java/util/concurrent/ConcurrentHashMap' witness='javax/el/BeanELResolver$SoftConcurrentHashMap' stamp='7.994'/>
<dependency_failed type='leaf_type' ctxk='java/util/concurrent/ConcurrentHashMap' witness='javax/el/BeanELResolver$SoftConcurrentHashMap' stamp='7.994'/>
<dependency_failed type='leaf_type' ctxk='java/util/concurrent/ConcurrentHashMap' witness='javax/el/BeanELResolver$SoftConcurrentHashMap' stamp='7.994'/>
<dependency_failed type='leaf_type' ctxk='java/util/concurrent/ConcurrentHashMap' witness='javax/el/BeanELResolver$SoftConcurrentHashMap' stamp='7.994'/>
<dependency_failed type='leaf_type' ctxk='java/util/concurrent/ConcurrentHashMap' witness='javax/el/BeanELResolver$SoftConcurrentHashMap' stamp='7.994'/>
<dependency_failed type='leaf_type' ctxk='java/util/concurrent/ConcurrentHashMap' witness='javax/el/BeanELResolver$SoftConcurrentHashMap' stamp='7.994'/>
<writer thread='140040103675648'/>
<dependency_failed type='unique_concrete_method' ctxk='java/util/concurrent/ConcurrentHashMap' x='java/util/concurrent/ConcurrentHashMap putIfAbsent (Ljava/lang/Object;Ljava/lang/Object;)Ljava/lang/Object;' witness='com/sun/el/lang/ExpressionBuilder$SoftConcurrentHashMap' stamp='8.665'/>
<writer thread='140039578666752'/>
<dependency_failed type='unique_concrete_method' ctxk='java/io/IOException' x='java/lang/Throwable toString ()Ljava/lang/String;' witness='com/fasterxml/jackson/core/JsonProcessingException' stamp='9.397'/>
<dependency_failed type='leaf_type' ctxk='java/util/concurrent/atomic/AtomicLong' witness='com/googlecode/concurrentlinkedhashmap/ConcurrentLinkedHashMap$PaddedAtomicLong' stamp='10.206'/>
<dependency_failed type='leaf_type' ctxk='java/util/concurrent/atomic/AtomicLong' witness='com/googlecode/concurrentlinkedhashmap/ConcurrentLinkedHashMap$PaddedAtomicLong' stamp='10.206'/>
<dependency_failed type='leaf_type' ctxk='java/util/concurrent/atomic/AtomicLong' witness='com/googlecode/concurrentlinkedhashmap/ConcurrentLinkedHashMap$PaddedAtomicLong' stamp='10.206'/>
<dependency_failed type='leaf_type' ctxk='java/util/Collections$UnmodifiableMap' witness='java/util/Collections$UnmodifiableSortedMap' stamp='10.776'/>
<dependency_failed type='unique_concrete_method' ctxk='java/lang/reflect/AccessibleObject' x='java/lang/reflect/AccessibleObject setAccessible (Z)V' witness='com/google/common/reflect/Element' stamp='10.952'/>
<writer thread='140039610459904'/>
<dependency_failed type='leaf_type' ctxk='java/util/AbstractMap$SimpleImmutableEntry' witness='com/google/common/cache/RemovalNotification' stamp='17.634'/>
<dependency_failed type='unique_concrete_method' ctxk='java/lang/ThreadLocal' x='java/lang/ThreadLocal get ()Ljava/lang/Object;' witness='com/orientechnologies/orient/core/db/ODatabaseRecordThreadLocal' stamp='24.035'/>
<dependency_failed type='unique_concrete_method' ctxk='java/lang/ThreadLocal' x='java/lang/ThreadLocal get ()Ljava/lang/Object;' witness='com/orientechnologies/orient/core/db/ODatabaseRecordThreadLocal' stamp='24.035'/>
<dependency_failed type='unique_concrete_method' ctxk='java/lang/ThreadLocal' x='java/lang/ThreadLocal get ()Ljava/lang/Object;' witness='com/orientechnologies/orient/core/db/ODatabaseRecordThreadLocal' stamp='24.035'/>
<dependency_failed type='unique_concrete_method' ctxk='java/lang/ThreadLocal' x='java/lang/ThreadLocal get ()Ljava/lang/Object;' witness='com/orientechnologies/orient/core/db/ODatabaseRecordThreadLocal' stamp='24.035'/>
<dependency_failed type='unique_concrete_method' ctxk='java/lang/ThreadLocal' x='java/lang/ThreadLocal get ()Ljava/lang/Object;' witness='com/orientechnologies/orient/core/db/ODatabaseRecordThreadLocal' stamp='24.035'/>
<dependency_failed type='unique_concrete_method' ctxk='java/lang/ThreadLocal' x='java/lang/ThreadLocal get ()Ljava/lang/Object;' witness='com/orientechnologies/orient/core/db/ODatabaseRecordThreadLocal' stamp='24.035'/>
<dependency_failed type='unique_concrete_method' ctxk='java/lang/ThreadLocal' x='java/lang/ThreadLocal set (Ljava/lang/Object;)V' witness='com/orientechnologies/orient/core/db/ODatabaseRecordThreadLocal' stamp='24.035'/>
<dependency_failed type='unique_concrete_method' ctxk='java/lang/ThreadLocal' x='java/lang/ThreadLocal set (Ljava/lang/Object;)V' witness='com/orientechnologies/orient/core/db/ODatabaseRecordThreadLocal' stamp='24.035'/>
<dependency_failed type='unique_concrete_method' ctxk='java/lang/ThreadLocal' x='java/lang/ThreadLocal get ()Ljava/lang/Object;' witness='com/orientechnologies/orient/core/db/ODatabaseRecordThreadLocal' stamp='24.035'/>
<dependency_failed type='unique_concrete_method' ctxk='java/lang/ThreadLocal' x='java/lang/ThreadLocal get ()Ljava/lang/Object;' witness='com/orientechnologies/orient/core/db/ODatabaseRecordThreadLocal' stamp='24.035'/>
<dependency_failed type='unique_concrete_method' ctxk='java/lang/ThreadLocal' x='java/lang/ThreadLocal get ()Ljava/lang/Object;' witness='com/orientechnologies/orient/core/db/ODatabaseRecordThreadLocal' stamp='24.035'/>
<dependency_failed type='unique_concrete_method' ctxk='java/util/ArrayList' x='java/util/ArrayList add (Ljava/lang/Object;)Z' witness='com/orientechnologies/orient/core/db/record/OTrackedList' stamp='24.471'/>
<dependency_failed type='unique_concrete_method' ctxk='java/util/ArrayList' x='java/util/ArrayList add (Ljava/lang/Object;)Z' witness='com/orientechnologies/orient/core/db/record/OTrackedList' stamp='24.471'/>
<dependency_failed type='unique_concrete_method' ctxk='java/util/ArrayList' x='java/util/ArrayList add (Ljava/lang/Object;)Z' witness='com/orientechnologies/orient/core/db/record/OTrackedList' stamp='24.471'/>
<dependency_failed type='unique_concrete_method' ctxk='java/util/ArrayList' x='java/util/ArrayList remove (I)Ljava/lang/Object;' witness='com/orientechnologies/orient/core/db/record/OTrackedList' stamp='24.471'/>
<dependency_failed type='unique_concrete_method' ctxk='java/util/ArrayList' x='java/util/ArrayList add (Ljava/lang/Object;)Z' witness='com/orientechnologies/orient/core/db/record/OTrackedList' stamp='24.471'/>
<dependency_failed type='unique_concrete_method' ctxk='java/util/ArrayList' x='java/util/ArrayList removeAll (Ljava/util/Collection;)Z' witness='com/orientechnologies/orient/core/db/record/OTrackedList' stamp='24.471'/>
<dependency_failed type='unique_concrete_method' ctxk='java/util/ArrayList' x='java/util/ArrayList add (Ljava/lang/Object;)Z' witness='com/orientechnologies/orient/core/db/record/OTrackedList' stamp='24.471'/>
<dependency_failed type='unique_concrete_method' ctxk='java/util/ArrayList' x='java/util/ArrayList remove (I)Ljava/lang/Object;' witness='com/orientechnologies/orient/core/db/record/OTrackedList' stamp='24.471'/>
<dependency_failed type='unique_concrete_method' ctxk='java/util/ArrayList' x='java/util/ArrayList removeAll (Ljava/util/Collection;)Z' witness='com/orientechnologies/orient/core/db/record/OTrackedList' stamp='24.471'/>
<dependency_failed type='unique_concrete_method' ctxk='java/util/ArrayList' x='java/util/ArrayList add (Ljava/lang/Object;)Z' witness='com/orientechnologies/orient/core/db/record/OTrackedList' stamp='24.471'/>
<dependency_failed type='unique_concrete_method' ctxk='java/util/ArrayList' x='java/util/ArrayList add (Ljava/lang/Object;)Z' witness='com/orientechnologies/orient/core/db/record/OTrackedList' stamp='24.471'/>
<dependency_failed type='unique_concrete_method' ctxk='java/util/ArrayList' x='java/util/ArrayList add (Ljava/lang/Object;)Z' witness='com/orientechnologies/orient/core/db/record/OTrackedList' stamp='24.471'/>
<dependency_failed type='unique_concrete_method' ctxk='java/util/ArrayList' x='java/util/ArrayList addAll (Ljava/util/Collection;)Z' witness='com/orientechnologies/orient/core/db/record/OTrackedList' stamp='24.471'/>
<dependency_failed type='unique_concrete_method' ctxk='java/util/ArrayList' x='java/util/ArrayList add (Ljava/lang/Object;)Z' witness='com/orientechnologies/orient/core/db/record/OTrackedList' stamp='24.471'/>
<dependency_failed type='unique_concrete_method' ctxk='java/util/ArrayList' x='java/util/ArrayList add (Ljava/lang/Object;)Z' witness='com/orientechnologies/orient/core/db/record/OTrackedList' stamp='24.471'/>
<dependency_failed type='unique_concrete_method' ctxk='java/util/ArrayList' x='java/util/ArrayList add (Ljava/lang/Object;)Z' witness='com/orientechnologies/orient/core/db/record/OTrackedList' stamp='24.471'/>
<dependency_failed type='unique_concrete_method' ctxk='java/util/ArrayList' x='java/util/ArrayList add (Ljava/lang/Object;)Z' witness='com/orientechnologies/orient/core/db/record/OTrackedList' stamp='24.471'/>
<dependency_failed type='unique_concrete_method' ctxk='java/util/ArrayList' x='java/util/ArrayList remove (I)Ljava/lang/Object;' witness='com/orientechnologies/orient/core/db/record/OTrackedList' stamp='24.471'/>
<dependency_failed type='unique_concrete_method' ctxk='java/util/ArrayList' x='java/util/ArrayList set (ILjava/lang/Object;)Ljava/lang/Object;' witness='com/orientechnologies/orient/core/db/record/OTrackedList' stamp='24.471'/>
<dependency_failed type='unique_concrete_method' ctxk='java/util/ArrayList' x='java/util/ArrayList add (Ljava/lang/Object;)Z' witness='com/orientechnologies/orient/core/db/record/OTrackedList' stamp='24.471'/>
<dependency_failed type='unique_concrete_method' ctxk='java/util/ArrayList' x='java/util/ArrayList add (Ljava/lang/Object;)Z' witness='com/orientechnologies/orient/core/db/record/OTrackedList' stamp='24.471'/>
<dependency_failed type='unique_concrete_method' ctxk='java/util/ArrayList' x='java/util/ArrayList add (Ljava/lang/Object;)Z' witness='com/orientechnologies/orient/core/db/record/OTrackedList' stamp='24.471'/>
<dependency_failed type='unique_concrete_method' ctxk='java/util/ArrayList' x='java/util/ArrayList add (Ljava/lang/Object;)Z' witness='com/orientechnologies/orient/core/db/record/OTrackedList' stamp='24.471'/>
<dependency_failed type='unique_concrete_method' ctxk='java/util/ArrayList' x='java/util/ArrayList iterator ()Ljava/util/Iterator;' witness='com/orientechnologies/orient/core/db/record/ORecordLazyList' stamp='24.472'/>
<dependency_failed type='unique_concrete_method' ctxk='java/util/ArrayList' x='java/util/ArrayList indexOf (Ljava/lang/Object;)I' witness='com/orientechnologies/orient/core/db/record/ORecordLazyList' stamp='24.472'/>
<dependency_failed type='unique_concrete_method' ctxk='java/util/ArrayList' x='java/util/ArrayList indexOf (Ljava/lang/Object;)I' witness='com/orientechnologies/orient/core/db/record/ORecordLazyList' stamp='24.472'/>
<dependency_failed type='unique_concrete_method' ctxk='java/util/ArrayList' x='java/util/ArrayList iterator ()Ljava/util/Iterator;' witness='com/orientechnologies/orient/core/db/record/ORecordLazyList' stamp='24.472'/>
<dependency_failed type='unique_concrete_method' ctxk='java/util/ArrayList' x='java/util/ArrayList iterator ()Ljava/util/Iterator;' witness='com/orientechnologies/orient/core/db/record/ORecordLazyList' stamp='24.472'/>
<dependency_failed type='unique_concrete_method' ctxk='java/util/ArrayList' x='java/util/ArrayList size ()I' witness='com/orientechnologies/orient/core/db/record/ORecordLazyList' stamp='24.472'/>
<dependency_failed type='unique_concrete_method' ctxk='java/util/ArrayList' x='java/util/ArrayList size ()I' witness='com/orientechnologies/orient/core/db/record/ORecordLazyList' stamp='24.472'/>
<dependency_failed type='unique_concrete_method' ctxk='java/util/ArrayList' x='java/util/ArrayList size ()I' witness='com/orientechnologies/orient/core/db/record/ORecordLazyList' stamp='24.472'/>
<dependency_failed type='unique_concrete_method' ctxk='java/util/ArrayList' x='java/util/ArrayList size ()I' witness='com/orientechnologies/orient/core/db/record/ORecordLazyList' stamp='24.472'/>
<dependency_failed type='unique_concrete_method' ctxk='java/util/ArrayList' x='java/util/ArrayList get (I)Ljava/lang/Object;' witness='com/orientechnologies/orient/core/db/record/ORecordLazyList' stamp='24.472'/>
<dependency_failed type='unique_concrete_method' ctxk='java/util/ArrayList' x='java/util/ArrayList size ()I' witness='com/orientechnologies/orient/core/db/record/ORecordLazyList' stamp='24.472'/>
<dependency_failed type='unique_concrete_method' ctxk='java/util/ArrayList' x='java/util/ArrayList size ()I' witness='com/orientechnologies/orient/core/db/record/ORecordLazyList' stamp='24.472'/>
<dependency_failed type='unique_concrete_method' ctxk='java/util/ArrayList' x='java/util/ArrayList size ()I' witness='com/orientechnologies/orient/core/db/record/ORecordLazyList' stamp='24.472'/>
<dependency_failed type='unique_concrete_method' ctxk='java/util/ArrayList' x='java/util/ArrayList size ()I' witness='com/orientechnologies/orient/core/db/record/ORecordLazyList' stamp='24.472'/>
<dependency_failed type='unique_concrete_method' ctxk='java/util/ArrayList' x='java/util/ArrayList indexOf (Ljava/lang/Object;)I' witness='com/orientechnologies/orient/core/db/record/ORecordLazyList' stamp='24.472'/>
<dependency_failed type='unique_concrete_method' ctxk='java/util/LinkedHashMap' x='java/util/HashMap put (Ljava/lang/Object;Ljava/lang/Object;)Ljava/lang/Object;' witness='com/orientechnologies/orient/core/db/record/OTrackedMap' stamp='24.622'/>
<dependency_failed type='unique_concrete_method' ctxk='java/util/LinkedHashMap' x='java/util/HashMap put (Ljava/lang/Object;Ljava/lang/Object;)Ljava/lang/Object;' witness='com/orientechnologies/orient/core/db/record/OTrackedMap' stamp='24.622'/>
<writer thread='140040103675648'/>
<dependency_failed type='unique_concrete_method' ctxk='java/util/ArrayList' x='java/util/ArrayList add (Ljava/lang/Object;)Z' witness='com/orientechnologies/orient/core/db/record/OTrackedList' stamp='24.792'/>
<dependency_failed type='unique_concrete_method' ctxk='java/util/ArrayList' x='java/util/ArrayList addAll (Ljava/util/Collection;)Z' witness='com/orientechnologies/orient/core/db/record/OTrackedList' stamp='24.792'/>
<writer thread='140039610459904'/>
<dependency_failed type='unique_concrete_method' ctxk='javax/management/Descriptor' x='javax/management/ImmutableDescriptor getFieldNames ()[Ljava/lang/String;' witness='javax/management/Descriptor' stamp='25.285'/>
<dependency_failed type='unique_concrete_method' ctxk='javax/management/Descriptor' x='javax/management/ImmutableDescriptor getFieldNames ()[Ljava/lang/String;' witness='javax/management/Descriptor' stamp='25.285'/>
<dependency_failed type='unique_concrete_method' ctxk='java/util/concurrent/ScheduledExecutorService' x='java/util/concurrent/ScheduledThreadPoolExecutor schedule (Ljava/lang/Runnable;JLjava/util/concurrent/TimeUnit;)Ljava/util/concurrent/ScheduledFuture;' witness='java/util/concurrent/ScheduledExecutorService' stamp='25.300'/>
<dependency_failed type='unique_concrete_method' ctxk='java/util/concurrent/Delayed' x='java/util/concurrent/ScheduledThreadPoolExecutor$ScheduledFutureTask getDelay (Ljava/util/concurrent/TimeUnit;)J' witness='java/util/concurrent/Delayed' stamp='25.306'/>
<dependency_failed type='unique_concrete_method' ctxk='java/util/concurrent/Delayed' x='java/util/concurrent/ScheduledThreadPoolExecutor$ScheduledFutureTask getDelay (Ljava/util/concurrent/TimeUnit;)J' witness='java/util/concurrent/Delayed' stamp='25.306'/>
<dependency_failed type='leaf_type' ctxk='com/sun/org/apache/xerces/internal/impl/xs/identity/IdentityConstraint' witness='com/sun/org/apache/xerces/internal/impl/xs/identity/UniqueOrKey' stamp='32.862'/>
<dependency_failed type='leaf_type' ctxk='javax/xml/bind/JAXBElement' witness='org/ehcache/xml/model/Disk' stamp='32.989'/>
<dependency_failed type='leaf_type' ctxk='org/xml/sax/helpers/AttributesImpl' witness='com/sun/org/apache/xml/internal/serializer/AttributesImplSerializer' stamp='33.187'/>
<dependency_failed type='unique_concrete_method' ctxk='java/util/concurrent/RejectedExecutionHandler' x='java/util/concurrent/ThreadPoolExecutor$AbortPolicy rejectedExecution (Ljava/lang/Runnable;Ljava/util/concurrent/ThreadPoolExecutor;)V' witness='java/util/concurrent/RejectedExecutionHandler' stamp='33.246'/>
<dependency_failed type='unique_concrete_method' ctxk='com/orientechnologies/orient/core/db/record/OMultiValueChangeListener' x='com/orientechnologies/orient/core/record/impl/OSimpleMultiValueChangeListener onAfterRecordChanged (Lcom/orientechnologies/orient/core/db/record/OMultiValueChangeEvent;)V' witness='com/orientechnologies/orient/core/db/record/OMultiValueChangeListener' stamp='34.868'/>
<dependency_failed type='unique_concrete_method' ctxk='com/orientechnologies/orient/core/db/record/OMultiValueChangeListener' x='com/orientechnologies/orient/core/record/impl/OSimpleMultiValueChangeListener onAfterRecordChanged (Lcom/orientechnologies/orient/core/db/record/OMultiValueChangeEvent;)V' witness='com/orientechnologies/orient/core/db/record/OMultiValueChangeListener' stamp='34.868'/>
<dependency_failed type='leaf_type' ctxk='com/orientechnologies/orient/core/db/record/OMultiValueChangeEvent' witness='com/orientechnologies/orient/core/record/impl/ONestedMultiValueChangeEvent' stamp='34.878'/>
<dependency_failed type='unique_concrete_method' ctxk='com/orientechnologies/orient/core/serialization/ODocumentSerializable' x='com/orientechnologies/orient/core/metadata/schema/OGlobalPropertyImpl fromDocument (Lcom/orientechnologies/orient/core/record/impl/ODocument;)V' witness='com/orientechnologies/orient/core/serialization/ODocumentSerializable' stamp='34.988'/>
<dependency_failed type='leaf_type' ctxk='com/google/common/collect/ImmutableSortedSet' witness='com/google/common/collect/RegularImmutableSortedSet' stamp='35.398'/>
<dependency_failed type='unique_concrete_method' ctxk='java/io/Reader' x='java/io/Reader read ([C)I' witness='com/fasterxml/jackson/dataformat/yaml/UTF8Reader' stamp='35.426'/>
<writer thread='140039344195328'/>
<dependency_failed type='unique_concrete_method' ctxk='java/text/Format$FieldDelegate' x='java/text/DontCareFieldPosition$1 formatted (ILjava/text/Format$Field;Ljava/lang/Object;IILjava/lang/StringBuffer;)V' witness='java/text/Format$FieldDelegate' stamp='35.482'/>
<dependency_failed type='unique_concrete_method' ctxk='java/text/Format$FieldDelegate' x='java/text/DontCareFieldPosition$1 formatted (Ljava/text/Format$Field;Ljava/lang/Object;IILjava/lang/StringBuffer;)V' witness='java/text/Format$FieldDelegate' stamp='35.482'/>
<dependency_failed type='unique_concrete_method' ctxk='java/text/Format$FieldDelegate' x='java/text/DontCareFieldPosition$1 formatted (ILjava/text/Format$Field;Ljava/lang/Object;IILjava/lang/StringBuffer;)V' witness='java/text/Format$FieldDelegate' stamp='35.482'/>
<writer thread='140039610459904'/>
<dependency_failed type='unique_concrete_method' ctxk='org/elasticsearch/common/inject/AbstractProcessor' x='org/elasticsearch/common/inject/AbstractProcessor visit (Lorg/elasticsearch/common/inject/spi/ProviderLookup;)Ljava/lang/Boolean;' witness='org/elasticsearch/common/inject/LookupProcessor' stamp='37.362'/>
<dependency_failed type='unique_concrete_method' ctxk='org/elasticsearch/common/inject/spi/ElementVisitor' x='org/elasticsearch/common/inject/AbstractProcessor visit (Lorg/elasticsearch/common/inject/spi/ProviderLookup;)Ljava/lang/Object;' witness='org/elasticsearch/common/inject/LookupProcessor' stamp='37.366'/>
<dependency_failed type='no_finalizable_subclasses' ctxk='java/lang/ref/WeakReference' witness='com/sun/jna/CallbackReference' stamp='37.441'/>
<dependency_failed type='no_finalizable_subclasses' ctxk='java/lang/ref/WeakReference' witness='com/sun/jna/CallbackReference' stamp='37.441'/>
<dependency_failed type='no_finalizable_subclasses' ctxk='java/lang/ref/WeakReference' witness='com/sun/jna/CallbackReference' stamp='37.441'/>
<dependency_failed type='no_finalizable_subclasses' ctxk='java/lang/ref/Reference' witness='com/sun/jna/CallbackReference' stamp='37.441'/>
<dependency_failed type='no_finalizable_subclasses' ctxk='java/lang/ref/Reference' witness='com/sun/jna/CallbackReference' stamp='37.441'/>
<dependency_failed type='unique_concrete_method' ctxk='com/google/common/cache/Weigher' x='com/google/common/cache/CacheBuilder$OneWeigher weigh (Ljava/lang/Object;Ljava/lang/Object;)I' witness='com/google/common/cache/Weigher' stamp='37.888'/>
<dependency_failed type='unique_concrete_method' ctxk='org/elasticsearch/common/bytes/BytesReference' x='org/elasticsearch/common/bytes/BytesArray length ()I' witness='org/elasticsearch/common/bytes/BytesReference' stamp='38.097'/>
<dependency_failed type='unique_concrete_method' ctxk='org/elasticsearch/common/bytes/BytesReference' x='org/elasticsearch/common/bytes/BytesArray hasArray ()Z' witness='org/elasticsearch/common/bytes/BytesReference' stamp='38.097'/>
<writer thread='140039313639168'/>
<dependency_failed type='leaf_type' ctxk='java/io/FileNotFoundException' witness='org/apache/lucene/index/IndexNotFoundException' stamp='38.318'/>
<writer thread='140039610459904'/>
<dependency_failed type='unique_concrete_method' ctxk='java/io/File' x='java/io/File getAbsolutePath ()Ljava/lang/String;' witness='de/schlichtherle/truezip/file/TFile' stamp='42.267'/>
<dependency_failed type='unique_concrete_method' ctxk='java/io/File' x='java/io/File getAbsoluteFile ()Ljava/io/File;' witness='de/schlichtherle/truezip/file/TFile' stamp='42.267'/>
<dependency_failed type='leaf_type' ctxk='java/io/File' witness='de/schlichtherle/truezip/file/TFile' stamp='42.267'/>
<dependency_failed type='leaf_type' ctxk='java/io/File' witness='de/schlichtherle/truezip/file/TFile' stamp='42.267'/>
<dependency_failed type='leaf_type' ctxk='java/io/File' witness='de/schlichtherle/truezip/file/TFile' stamp='42.267'/>
<dependency_failed type='leaf_type' ctxk='java/io/File' witness='de/schlichtherle/truezip/file/TFile' stamp='42.267'/>
<dependency_failed type='leaf_type' ctxk='java/io/File' witness='de/schlichtherle/truezip/file/TFile' stamp='42.267'/>
<dependency_failed type='unique_concrete_method' ctxk='java/io/File' x='java/io/File getName ()Ljava/lang/String;' witness='de/schlichtherle/truezip/file/TFile' stamp='42.267'/>
<dependency_failed type='unique_concrete_method' ctxk='java/io/File' x='java/io/File getPath ()Ljava/lang/String;' witness='de/schlichtherle/truezip/file/TFile' stamp='42.267'/>
<dependency_failed type='leaf_type' ctxk='java/io/File' witness='de/schlichtherle/truezip/file/TFile' stamp='42.267'/>
<dependency_failed type='leaf_type' ctxk='java/io/File' witness='de/schlichtherle/truezip/file/TFile' stamp='42.267'/>
<dependency_failed type='unique_concrete_method' ctxk='java/io/File' x='java/io/File getPath ()Ljava/lang/String;' witness='de/schlichtherle/truezip/file/TFile' stamp='42.267'/>
<dependency_failed type='unique_concrete_method' ctxk='java/io/File' x='java/io/File hashCode ()I' witness='de/schlichtherle/truezip/file/TFile' stamp='42.267'/>
<dependency_failed type='leaf_type' ctxk='java/io/File' witness='de/schlichtherle/truezip/file/TFile' stamp='42.268'/>
<dependency_failed type='leaf_type' ctxk='java/io/File' witness='de/schlichtherle/truezip/file/TFile' stamp='42.268'/>
<dependency_failed type='leaf_type' ctxk='java/io/File' witness='de/schlichtherle/truezip/file/TFile' stamp='42.269'/>
<dependency_failed type='leaf_type' ctxk='java/io/File' witness='de/schlichtherle/truezip/file/TFile' stamp='42.269'/>
<dependency_failed type='leaf_type' ctxk='java/io/File' witness='de/schlichtherle/truezip/file/TFile' stamp='42.269'/>
<dependency_failed type='unique_concrete_method' ctxk='java/io/File' x='java/io/File mkdir ()Z' witness='de/schlichtherle/truezip/file/TFile' stamp='42.269'/>
<dependency_failed type='unique_concrete_method' ctxk='java/io/File' x='java/io/File getPath ()Ljava/lang/String;' witness='de/schlichtherle/truezip/file/TFile' stamp='42.269'/>
<dependency_failed type='unique_concrete_method' ctxk='java/io/File' x='java/io/File exists ()Z' witness='de/schlichtherle/truezip/file/TFile' stamp='42.269'/>
<dependency_failed type='unique_concrete_method' ctxk='java/io/File' x='java/io/File getPath ()Ljava/lang/String;' witness='de/schlichtherle/truezip/file/TFile' stamp='42.269'/>
<dependency_failed type='leaf_type' ctxk='java/io/File' witness='de/schlichtherle/truezip/file/TFile' stamp='42.269'/>
<dependency_failed type='leaf_type' ctxk='java/io/File' witness='de/schlichtherle/truezip/file/TFile' stamp='42.269'/>
<dependency_failed type='leaf_type' ctxk='java/io/File' witness='de/schlichtherle/truezip/file/TFile' stamp='42.269'/>
<dependency_failed type='leaf_type' ctxk='java/io/File' witness='de/schlichtherle/truezip/file/TFile' stamp='42.269'/>
<dependency_failed type='leaf_type' ctxk='java/io/File' witness='de/schlichtherle/truezip/file/TFile' stamp='42.269'/>
<dependency_failed type='leaf_type' ctxk='java/io/File' witness='de/schlichtherle/truezip/file/TFile' stamp='42.269'/>
<dependency_failed type='leaf_type' ctxk='java/io/File' witness='de/schlichtherle/truezip/file/TFile' stamp='42.269'/>
<dependency_failed type='leaf_type' ctxk='java/io/File' witness='de/schlichtherle/truezip/file/TFile' stamp='42.269'/>
<dependency_failed type='leaf_type' ctxk='java/io/File' witness='de/schlichtherle/truezip/file/TFile' stamp='42.269'/>
<dependency_failed type='leaf_type' ctxk='java/io/File' witness='de/schlichtherle/truezip/file/TFile' stamp='42.269'/>
<dependency_failed type='leaf_type' ctxk='java/io/File' witness='de/schlichtherle/truezip/file/TFile' stamp='42.269'/>
<dependency_failed type='unique_concrete_method' ctxk='com/google/common/collect/Maps$ViewCachingAbstractMap' x='com/google/common/collect/Maps$ViewCachingAbstractMap createValues ()Ljava/util/Collection;' witness='com/google/common/collect/Maps$AbstractFilteredMap' stamp='42.552'/>
<writer thread='140039575508736'/>
<dependency_failed type='unique_concrete_method' ctxk='sun/nio/ch/Interruptible' x='java/nio/channels/spi/AbstractInterruptibleChannel$1 interrupt (Ljava/lang/Thread;)V' witness='sun/nio/ch/Interruptible' stamp='44.662'/>
<writer thread='140039579719424'/>
<dependency_failed type='unique_concrete_method' ctxk='ch/qos/logback/core/spi/DeferredProcessingAware' x='ch/qos/logback/classic/spi/LoggingEvent prepareForDeferredProcessing ()V' witness='ch/qos/logback/core/spi/DeferredProcessingAware' stamp='92.936'/>
<writer thread='140039291582208'/>
<dependency_failed type='unique_concrete_method' ctxk='java/util/concurrent/FutureTask' x='java/util/concurrent/FutureTask done ()V' witness='com/softwarementors/extjs/djn/ParallelTask$BoundedFuture' stamp='109.351'/>
<writer thread='140039285274368'/>
<dependency_failed type='leaf_type' ctxk='java/io/FileInputStream' witness='java/net/SocketInputStream' stamp='109.557'/>
<dependency_failed type='leaf_type' ctxk='java/io/FileInputStream' witness='java/net/SocketInputStream' stamp='109.557'/>
<dependency_failed type='leaf_type' ctxk='java/io/FileInputStream' witness='java/net/SocketInputStream' stamp='109.557'/>
<dependency_failed type='leaf_type' ctxk='java/io/FileInputStream' witness='java/net/SocketInputStream' stamp='109.557'/>
<dependency_failed type='leaf_type' ctxk='java/io/FileInputStream' witness='java/net/SocketInputStream' stamp='109.557'/>
<dependency_failed type='leaf_type' ctxk='java/io/FileOutputStream' witness='java/net/SocketOutputStream' stamp='109